{"/home/veglez/activities/react/project-n/src/_mocks__/MockProviders.tsx": {"path":"/home/veglez/activities/react/project-n/src/_mocks__/MockProviders.tsx","statementMap":{"0":{"start":{"line":1,"column":0},"end":{"line":1,"column":44}},"1":{"start":{"line":3,"column":0},"end":{"line":3,"column":50}},"2":{"start":{"line":9,"column":38},"end":{"line":11,"column":1}},"3":{"start":{"line":10,"column":2},"end":{"line":10,"column":73}},"4":{"start":{"line":13,"column":0},"end":{"line":13,"column":29}}},"fnMap":{"0":{"name":"(anonymous_1)","decl":{"start":{"line":9,"column":38},"end":{"line":9,"column":39}},"loc":{"start":{"line":9,"column":48},"end":{"line":11,"column":1}}}},"branchMap":{},"s":{"0":1,"1":1,"2":1,"3":3,"4":1},"f":{"0":3},"b":{}}
,"/home/veglez/activities/react/project-n/src/components/Counter/index.tsx": {"path":"/home/veglez/activities/react/project-n/src/components/Counter/index.tsx","statementMap":{"0":{"start":{"line":1,"column":0},"end":{"line":1,"column":48}},"1":{"start":{"line":2,"column":0},"end":{"line":2,"column":43}},"2":{"start":{"line":3,"column":0},"end":{"line":3,"column":75}},"3":{"start":{"line":5,"column":0},"end":{"line":5,"column":45}},"4":{"start":{"line":17,"column":16},"end":{"line":62,"column":null}},"5":{"start":{"line":24,"column":8},"end":{"line":24,"column":13}},"6":{"start":{"line":23,"column":13},"end":{"line":24,"column":8}},"7":{"start":{"line":29,"column":8},"end":{"line":29,"column":35}},"8":{"start":{"line":31,"column":4},"end":{"line":33,"column":8}},"9":{"start":{"line":31,"column":36},"end":{"line":33,"column":6}},"10":{"start":{"line":35,"column":4},"end":{"line":61,"column":6}},"11":{"start":{"line":40,"column":12},"end":{"line":40,"column":24}},"12":{"start":{"line":41,"column":12},"end":{"line":41,"column":33}},"13":{"start":{"line":53,"column":12},"end":{"line":53,"column":24}},"14":{"start":{"line":54,"column":12},"end":{"line":54,"column":33}},"15":{"start":{"line":65,"column":0},"end":{"line":65,"column":23}}},"fnMap":{"0":{"name":"Counter","decl":{"start":{"line":18,"column":11},"end":{"line":18,"column":18}},"loc":{"start":{"line":18,"column":29},"end":{"line":62,"column":3}}},"1":{"name":"(anonymous_3)","decl":{"start":{"line":31,"column":29},"end":{"line":31,"column":32}},"loc":{"start":{"line":31,"column":36},"end":{"line":33,"column":6}}},"2":{"name":"(anonymous_4)","decl":{"start":{"line":39,"column":19},"end":{"line":39,"column":20}},"loc":{"start":{"line":39,"column":25},"end":{"line":42,"column":11}}},"3":{"name":"(anonymous_5)","decl":{"start":{"line":52,"column":19},"end":{"line":52,"column":20}},"loc":{"start":{"line":52,"column":25},"end":{"line":55,"column":11}}}},"branchMap":{"0":{"loc":{"start":{"line":40,"column":12},"end":{"line":40,"column":23}},"type":"binary-expr","locations":[{"start":{"line":40,"column":12},"end":{"line":40,"column":14}},{"start":{"line":40,"column":18},"end":{"line":40,"column":23}}]},"1":{"loc":{"start":{"line":53,"column":12},"end":{"line":53,"column":23}},"type":"binary-expr","locations":[{"start":{"line":53,"column":12},"end":{"line":53,"column":14}},{"start":{"line":53,"column":18},"end":{"line":53,"column":23}}]}},"s":{"0":1,"1":1,"2":1,"3":1,"4":1,"5":2,"6":2,"7":2,"8":2,"9":0,"10":2,"11":0,"12":0,"13":1,"14":1,"15":1},"f":{"0":2,"1":0,"2":0,"3":1},"b":{"0":[0,0],"1":[1,0]}}
,"/home/veglez/activities/react/project-n/src/components/Counter/styles.counter.ts": {"path":"/home/veglez/activities/react/project-n/src/components/Counter/styles.counter.ts","statementMap":{"0":{"start":{"line":1,"column":0},"end":{"line":1,"column":39}},"1":{"start":{"line":2,"column":0},"end":{"line":2,"column":39}},"2":{"start":{"line":4,"column":13},"end":{"line":8,"column":2}},"3":{"start":{"line":5,"column":33},"end":{"line":5,"column":62}}},"fnMap":{"0":{"name":"(anonymous_1)","decl":{"start":{"line":5,"column":22},"end":{"line":5,"column":23}},"loc":{"start":{"line":5,"column":33},"end":{"line":5,"column":62}}}},"branchMap":{},"s":{"0":1,"1":1,"2":1,"3":2},"f":{"0":2},"b":{}}
,"/home/veglez/activities/react/project-n/src/components/Greeting/handlers.ts": {"path":"/home/veglez/activities/react/project-n/src/components/Greeting/handlers.ts","statementMap":{"0":{"start":{"line":1,"column":0},"end":{"line":1,"column":27}},"1":{"start":{"line":7,"column":17},"end":{"line":20,"column":2}},"2":{"start":{"line":10,"column":28},"end":{"line":18,"column":null}},"3":{"start":{"line":11,"column":19},"end":{"line":11,"column":53}},"4":{"start":{"line":12,"column":6},"end":{"line":12,"column":55}},"5":{"start":{"line":13,"column":6},"end":{"line":17,"column":8}},"6":{"start":{"line":22,"column":0},"end":{"line":22,"column":24}}},"fnMap":{"0":{"name":"(anonymous_7)","decl":{"start":{"line":10,"column":4},"end":{"line":10,"column":11}},"loc":{"start":{"line":10,"column":28},"end":{"line":18,"column":null}}},"1":{"name":"(anonymous_8)","decl":{"start":{"line":10,"column":28},"end":{"line":10,"column":null}},"loc":{"start":{"line":10,"column":28},"end":{"line":18,"column":5}}}},"branchMap":{},"s":{"0":1,"1":1,"2":0,"3":0,"4":0,"5":0,"6":1},"f":{"0":0,"1":0},"b":{}}
,"/home/veglez/activities/react/project-n/src/components/Greeting/index.tsx": {"path":"/home/veglez/activities/react/project-n/src/components/Greeting/index.tsx","statementMap":{"0":{"start":{"line":3,"column":0},"end":{"line":3,"column":48}},"1":{"start":{"line":4,"column":0},"end":{"line":4,"column":48}},"2":{"start":{"line":6,"column":0},"end":{"line":6,"column":31}},"3":{"start":{"line":12,"column":32},"end":{"line":47,"column":1}},"4":{"start":{"line":13,"column":36},"end":{"line":13,"column":41}},"5":{"start":{"line":14,"column":26},"end":{"line":14,"column":55}},"6":{"start":{"line":15,"column":28},"end":{"line":15,"column":57}},"7":{"start":{"line":16,"column":32},"end":{"line":16,"column":46}},"8":{"start":{"line":18,"column":2},"end":{"line":27,"column":9}},"9":{"start":{"line":19,"column":4},"end":{"line":26,"column":40}},"10":{"start":{"line":20,"column":21},"end":{"line":20,"column":31}},"11":{"start":{"line":21,"column":35},"end":{"line":21,"column":53}},"12":{"start":{"line":23,"column":8},"end":{"line":23,"column":27}},"13":{"start":{"line":24,"column":8},"end":{"line":24,"column":28}},"14":{"start":{"line":26,"column":21},"end":{"line":26,"column":38}},"15":{"start":{"line":29,"column":2},"end":{"line":31,"column":null}},"16":{"start":{"line":30,"column":4},"end":{"line":30,"column":33}},"17":{"start":{"line":33,"column":2},"end":{"line":40,"column":null}},"18":{"start":{"line":34,"column":4},"end":{"line":39,"column":6}},"19":{"start":{"line":41,"column":2},"end":{"line":46,"column":4}},"20":{"start":{"line":49,"column":0},"end":{"line":49,"column":24}}},"fnMap":{"0":{"name":"(anonymous_1)","decl":{"start":{"line":12,"column":32},"end":{"line":12,"column":33}},"loc":{"start":{"line":12,"column":42},"end":{"line":47,"column":1}}},"1":{"name":"(anonymous_2)","decl":{"start":{"line":18,"column":12},"end":{"line":18,"column":15}},"loc":{"start":{"line":18,"column":17},"end":{"line":27,"column":3}}},"2":{"name":"(anonymous_3)","decl":{"start":{"line":20,"column":12},"end":{"line":20,"column":13}},"loc":{"start":{"line":20,"column":21},"end":{"line":20,"column":31}}},"3":{"name":"(anonymous_4)","decl":{"start":{"line":21,"column":12},"end":{"line":21,"column":13}},"loc":{"start":{"line":21,"column":35},"end":{"line":21,"column":53}}},"4":{"name":"(anonymous_5)","decl":{"start":{"line":22,"column":13},"end":{"line":22,"column":14}},"loc":{"start":{"line":22,"column":19},"end":{"line":25,"column":7}}},"5":{"name":"(anonymous_6)","decl":{"start":{"line":26,"column":15},"end":{"line":26,"column":18}},"loc":{"start":{"line":26,"column":21},"end":{"line":26,"column":38}}}},"branchMap":{"0":{"loc":{"start":{"line":13,"column":10},"end":{"line":13,"column":31}},"type":"default-arg","locations":[{"start":{"line":13,"column":17},"end":{"line":13,"column":31}}]},"1":{"loc":{"start":{"line":29,"column":2},"end":{"line":31,"column":null}},"type":"if","locations":[{"start":{"line":29,"column":2},"end":{"line":31,"column":null}}]},"2":{"loc":{"start":{"line":33,"column":2},"end":{"line":40,"column":null}},"type":"if","locations":[{"start":{"line":33,"column":2},"end":{"line":40,"column":null}}]}},"s":{"0":1,"1":1,"2":1,"3":1,"4":3,"5":2,"6":2,"7":2,"8":2,"9":2,"10":0,"11":0,"12":2,"13":2,"14":2,"15":2,"16":2,"17":0,"18":0,"19":0,"20":1},"f":{"0":3,"1":2,"2":0,"3":0,"4":2,"5":2},"b":{"0":[1],"1":[2],"2":[0]}}
,"/home/veglez/activities/react/project-n/src/components/Typography/index.tsx": {"path":"/home/veglez/activities/react/project-n/src/components/Typography/index.tsx","statementMap":{"0":{"start":{"line":5,"column":0},"end":{"line":5,"column":43}},"1":{"start":{"line":23,"column":61},"end":{"line":36,"column":1}},"2":{"start":{"line":30,"column":6},"end":{"line":30,"column":11}},"3":{"start":{"line":29,"column":11},"end":{"line":30,"column":6}},"4":{"start":{"line":31,"column":2},"end":{"line":35,"column":4}},"5":{"start":{"line":38,"column":0},"end":{"line":38,"column":26}}},"fnMap":{"0":{"name":"(anonymous_1)","decl":{"start":{"line":23,"column":61},"end":{"line":23,"column":62}},"loc":{"start":{"line":23,"column":71},"end":{"line":36,"column":1}}}},"branchMap":{"0":{"loc":{"start":{"line":26,"column":4},"end":{"line":26,"column":20}},"type":"default-arg","locations":[{"start":{"line":26,"column":14},"end":{"line":26,"column":20}}]},"1":{"loc":{"start":{"line":27,"column":4},"end":{"line":27,"column":12}},"type":"default-arg","locations":[{"start":{"line":27,"column":9},"end":{"line":27,"column":12}}]},"2":{"loc":{"start":{"line":28,"column":4},"end":{"line":28,"column":18}},"type":"default-arg","locations":[{"start":{"line":28,"column":12},"end":{"line":28,"column":18}}]}},"s":{"0":2,"1":2,"2":6,"3":6,"4":6,"5":2},"f":{"0":6},"b":{"0":[0],"1":[6],"2":[4]}}
,"/home/veglez/activities/react/project-n/src/components/Typography/styles.typography.ts": {"path":"/home/veglez/activities/react/project-n/src/components/Typography/styles.typography.ts","statementMap":{"0":{"start":{"line":1,"column":0},"end":{"line":1,"column":null}},"1":{"start":{"line":12,"column":4},"end":{"line":60,"column":2}},"2":{"start":{"line":44,"column":30},"end":{"line":44,"column":68}},"3":{"start":{"line":56,"column":30},"end":{"line":56,"column":67}},"4":{"start":{"line":64,"column":13},"end":{"line":69,"column":2}},"5":{"start":{"line":66,"column":28},"end":{"line":66,"column":63}},"6":{"start":{"line":67,"column":27},"end":{"line":67,"column":38}},"7":{"start":{"line":68,"column":15},"end":{"line":68,"column":48}}},"fnMap":{"0":{"name":"(anonymous_6)","decl":{"start":{"line":44,"column":19},"end":{"line":44,"column":20}},"loc":{"start":{"line":44,"column":30},"end":{"line":44,"column":68}}},"1":{"name":"(anonymous_7)","decl":{"start":{"line":56,"column":19},"end":{"line":56,"column":20}},"loc":{"start":{"line":56,"column":30},"end":{"line":56,"column":67}}},"2":{"name":"(anonymous_8)","decl":{"start":{"line":66,"column":17},"end":{"line":66,"column":18}},"loc":{"start":{"line":66,"column":28},"end":{"line":66,"column":63}}},"3":{"name":"(anonymous_9)","decl":{"start":{"line":67,"column":16},"end":{"line":67,"column":17}},"loc":{"start":{"line":67,"column":27},"end":{"line":67,"column":38}}},"4":{"name":"(anonymous_10)","decl":{"start":{"line":68,"column":4},"end":{"line":68,"column":5}},"loc":{"start":{"line":68,"column":15},"end":{"line":68,"column":48}}}},"branchMap":{},"s":{"0":2,"1":2,"2":0,"3":0,"4":2,"5":6,"6":6,"7":6},"f":{"0":0,"1":0,"2":6,"3":6,"4":6},"b":{}}
,"/home/veglez/activities/react/project-n/src/components/UI/Flex/index.tsx": {"path":"/home/veglez/activities/react/project-n/src/components/UI/Flex/index.tsx","statementMap":{"0":{"start":{"line":2,"column":0},"end":{"line":2,"column":39}},"1":{"start":{"line":20,"column":18},"end":{"line":27,"column":2}},"2":{"start":{"line":22,"column":28},"end":{"line":22,"column":39}},"3":{"start":{"line":23,"column":32},"end":{"line":23,"column":45}},"4":{"start":{"line":24,"column":31},"end":{"line":24,"column":46}},"5":{"start":{"line":25,"column":20},"end":{"line":25,"column":29}},"6":{"start":{"line":29,"column":49},"end":{"line":51,"column":1}},"7":{"start":{"line":38,"column":6},"end":{"line":38,"column":11}},"8":{"start":{"line":37,"column":11},"end":{"line":38,"column":6}},"9":{"start":{"line":39,"column":2},"end":{"line":50,"column":4}},"10":{"start":{"line":53,"column":0},"end":{"line":53,"column":20}}},"fnMap":{"0":{"name":"(anonymous_2)","decl":{"start":{"line":22,"column":17},"end":{"line":22,"column":18}},"loc":{"start":{"line":22,"column":28},"end":{"line":22,"column":39}}},"1":{"name":"(anonymous_3)","decl":{"start":{"line":23,"column":21},"end":{"line":23,"column":22}},"loc":{"start":{"line":23,"column":32},"end":{"line":23,"column":45}}},"2":{"name":"(anonymous_4)","decl":{"start":{"line":24,"column":20},"end":{"line":24,"column":21}},"loc":{"start":{"line":24,"column":31},"end":{"line":24,"column":46}}},"3":{"name":"(anonymous_5)","decl":{"start":{"line":25,"column":9},"end":{"line":25,"column":10}},"loc":{"start":{"line":25,"column":20},"end":{"line":25,"column":29}}},"4":{"name":"(anonymous_6)","decl":{"start":{"line":29,"column":49},"end":{"line":29,"column":50}},"loc":{"start":{"line":29,"column":59},"end":{"line":51,"column":1}}}},"branchMap":{"0":{"loc":{"start":{"line":31,"column":4},"end":{"line":31,"column":14}},"type":"default-arg","locations":[{"start":{"line":31,"column":9},"end":{"line":31,"column":14}}]},"1":{"loc":{"start":{"line":32,"column":4},"end":{"line":32,"column":21}},"type":"default-arg","locations":[{"start":{"line":32,"column":16},"end":{"line":32,"column":21}}]},"2":{"loc":{"start":{"line":33,"column":4},"end":{"line":33,"column":20}},"type":"default-arg","locations":[{"start":{"line":33,"column":12},"end":{"line":33,"column":20}}]},"3":{"loc":{"start":{"line":34,"column":4},"end":{"line":34,"column":22}},"type":"default-arg","locations":[{"start":{"line":34,"column":14},"end":{"line":34,"column":22}}]}},"s":{"0":1,"1":1,"2":2,"3":2,"4":2,"5":2,"6":1,"7":2,"8":2,"9":2,"10":1},"f":{"0":2,"1":2,"2":2,"3":2,"4":2},"b":{"0":[2],"1":[2],"2":[2],"3":[2]}}
,"/home/veglez/activities/react/project-n/src/hooks/useCounter.ts": {"path":"/home/veglez/activities/react/project-n/src/hooks/useCounter.ts","statementMap":{"0":{"start":{"line":1,"column":0},"end":{"line":1,"column":52}},"1":{"start":{"line":5,"column":19},"end":{"line":24,"column":1}},"2":{"start":{"line":6,"column":40},"end":{"line":6,"column":62}},"3":{"start":{"line":9,"column":4},"end":{"line":13,"column":5}},"4":{"start":{"line":10,"column":4},"end":{"line":13,"column":5}},"5":{"start":{"line":11,"column":6},"end":{"line":11,"column":25}},"6":{"start":{"line":12,"column":6},"end":{"line":12,"column":38}},"7":{"start":{"line":16,"column":4},"end":{"line":21,"column":5}},"8":{"start":{"line":17,"column":4},"end":{"line":21,"column":5}},"9":{"start":{"line":18,"column":6},"end":{"line":18,"column":25}},"10":{"start":{"line":19,"column":23},"end":{"line":19,"column":61}},"11":{"start":{"line":20,"column":6},"end":{"line":20,"column":31}},"12":{"start":{"line":23,"column":2},"end":{"line":23,"column":59}},"13":{"start":{"line":26,"column":0},"end":{"line":26,"column":26}}},"fnMap":{"0":{"name":"(anonymous_0)","decl":{"start":{"line":5,"column":19},"end":{"line":5,"column":20}},"loc":{"start":{"line":5,"column":40},"end":{"line":24,"column":1}}},"1":{"name":"(anonymous_1)","decl":{"start":{"line":9,"column":4},"end":{"line":9,"column":5}},"loc":{"start":{"line":10,"column":4},"end":{"line":13,"column":5}}},"2":{"name":"(anonymous_2)","decl":{"start":{"line":10,"column":4},"end":{"line":10,"column":5}},"loc":{"start":{"line":10,"column":10},"end":{"line":13,"column":5}}},"3":{"name":"(anonymous_3)","decl":{"start":{"line":16,"column":4},"end":{"line":16,"column":5}},"loc":{"start":{"line":17,"column":4},"end":{"line":21,"column":5}}},"4":{"name":"(anonymous_4)","decl":{"start":{"line":17,"column":4},"end":{"line":17,"column":5}},"loc":{"start":{"line":17,"column":10},"end":{"line":21,"column":5}}}},"branchMap":{"0":{"loc":{"start":{"line":6,"column":49},"end":{"line":6,"column":61}},"type":"cond-expr","locations":[{"start":{"line":6,"column":49},"end":{"line":6,"column":56}},{"start":{"line":6,"column":60},"end":{"line":6,"column":61}}]},"1":{"loc":{"start":{"line":6,"column":49},"end":{"line":6,"column":60}},"type":"binary-expr","locations":[{"start":{"line":6,"column":49},"end":{"line":6,"column":60}},{"start":{"line":6,"column":49},"end":{"line":6,"column":60}}]},"2":{"loc":{"start":{"line":9,"column":5},"end":{"line":9,"column":10}},"type":"default-arg","locations":[{"start":{"line":9,"column":9},"end":{"line":9,"column":10}}]},"3":{"loc":{"start":{"line":16,"column":5},"end":{"line":16,"column":10}},"type":"default-arg","locations":[{"start":{"line":16,"column":9},"end":{"line":16,"column":10}}]},"4":{"loc":{"start":{"line":19,"column":23},"end":{"line":19,"column":61}},"type":"cond-expr","locations":[{"start":{"line":19,"column":42},"end":{"line":19,"column":43}},{"start":{"line":19,"column":46},"end":{"line":19,"column":61}}]}},"s":{"0":1,"1":1,"2":2,"3":2,"4":1,"5":1,"6":1,"7":2,"8":0,"9":0,"10":0,"11":0,"12":2,"13":1},"f":{"0":2,"1":1,"2":1,"3":0,"4":0},"b":{"0":[0,2],"1":[2,2],"2":[1],"3":[0],"4":[0,0]}}
,"/home/veglez/activities/react/project-n/src/styles/theme/default.ts": {"path":"/home/veglez/activities/react/project-n/src/styles/theme/default.ts","statementMap":{"0":{"start":{"line":3,"column":13},"end":{"line":7,"column":11}},"1":{"start":{"line":9,"column":30},"end":{"line":36,"column":2}},"2":{"start":{"line":38,"column":0},"end":{"line":38,"column":23}}},"fnMap":{},"branchMap":{},"s":{"0":2,"1":2,"2":2},"f":{},"b":{}}
}
