TN:
SF:src/_mocks__/MockProviders.tsx
FN:9,(anonymous_1)
FNF:1
FNH:1
FNDA:3,(anonymous_1)
DA:1,1
DA:3,1
DA:9,1
DA:10,3
DA:13,1
LF:5
LH:5
BRF:0
BRH:0
end_of_record
TN:
SF:src/components/Counter/index.tsx
FN:18,Counter
FN:31,(anonymous_3)
FN:39,(anonymous_4)
FN:52,(anonymous_5)
FNF:4
FNH:2
FNDA:2,Counter
FNDA:0,(anonymous_3)
FNDA:0,(anonymous_4)
FNDA:1,(anonymous_5)
DA:1,1
DA:2,1
DA:3,1
DA:5,1
DA:17,1
DA:23,2
DA:24,2
DA:29,2
DA:31,2
DA:35,2
DA:40,0
DA:41,0
DA:53,1
DA:54,1
DA:65,1
LF:15
LH:13
BRDA:40,0,0,0
BRDA:40,0,1,0
BRDA:53,1,0,1
BRDA:53,1,1,0
BRF:4
BRH:1
end_of_record
TN:
SF:src/components/Counter/styles.counter.ts
FN:5,(anonymous_1)
FNF:1
FNH:1
FNDA:2,(anonymous_1)
DA:1,1
DA:2,1
DA:4,1
DA:5,2
LF:4
LH:4
BRF:0
BRH:0
end_of_record
TN:
SF:src/components/Greeting/handlers.ts
FN:10,(anonymous_7)
FN:10,(anonymous_8)
FNF:2
FNH:0
FNDA:0,(anonymous_7)
FNDA:0,(anonymous_8)
DA:1,1
DA:7,1
DA:10,0
DA:11,0
DA:12,0
DA:13,0
DA:22,1
LF:7
LH:3
BRF:0
BRH:0
end_of_record
TN:
SF:src/components/Greeting/index.tsx
FN:12,(anonymous_1)
FN:18,(anonymous_2)
FN:20,(anonymous_3)
FN:21,(anonymous_4)
FN:22,(anonymous_5)
FN:26,(anonymous_6)
FNF:6
FNH:4
FNDA:3,(anonymous_1)
FNDA:2,(anonymous_2)
FNDA:0,(anonymous_3)
FNDA:0,(anonymous_4)
FNDA:2,(anonymous_5)
FNDA:2,(anonymous_6)
DA:3,1
DA:4,1
DA:6,1
DA:12,1
DA:13,3
DA:14,2
DA:15,2
DA:16,2
DA:18,2
DA:19,2
DA:20,0
DA:21,0
DA:23,2
DA:24,2
DA:26,2
DA:29,2
DA:30,2
DA:33,0
DA:34,0
DA:41,0
DA:49,1
LF:21
LH:16
BRDA:13,0,0,1
BRDA:29,1,0,2
BRDA:33,2,0,0
BRF:3
BRH:2
end_of_record
TN:
SF:src/components/Typography/index.tsx
FN:23,(anonymous_1)
FNF:1
FNH:1
FNDA:6,(anonymous_1)
DA:5,2
DA:23,2
DA:29,6
DA:30,6
DA:31,6
DA:38,2
LF:6
LH:6
BRDA:26,0,0,0
BRDA:27,1,0,6
BRDA:28,2,0,4
BRF:3
BRH:2
end_of_record
TN:
SF:src/components/Typography/styles.typography.ts
FN:44,(anonymous_6)
FN:56,(anonymous_7)
FN:66,(anonymous_8)
FN:67,(anonymous_9)
FN:68,(anonymous_10)
FNF:5
FNH:3
FNDA:0,(anonymous_6)
FNDA:0,(anonymous_7)
FNDA:6,(anonymous_8)
FNDA:6,(anonymous_9)
FNDA:6,(anonymous_10)
DA:1,2
DA:12,2
DA:44,0
DA:56,0
DA:64,2
DA:66,6
DA:67,6
DA:68,6
LF:8
LH:6
BRF:0
BRH:0
end_of_record
TN:
SF:src/components/UI/Flex/index.tsx
FN:22,(anonymous_2)
FN:23,(anonymous_3)
FN:24,(anonymous_4)
FN:25,(anonymous_5)
FN:29,(anonymous_6)
FNF:5
FNH:5
FNDA:2,(anonymous_2)
FNDA:2,(anonymous_3)
FNDA:2,(anonymous_4)
FNDA:2,(anonymous_5)
FNDA:2,(anonymous_6)
DA:2,1
DA:20,1
DA:22,2
DA:23,2
DA:24,2
DA:25,2
DA:29,1
DA:37,2
DA:38,2
DA:39,2
DA:53,1
LF:11
LH:11
BRDA:31,0,0,2
BRDA:32,1,0,2
BRDA:33,2,0,2
BRDA:34,3,0,2
BRF:4
BRH:4
end_of_record
TN:
SF:src/hooks/useCounter.ts
FN:5,(anonymous_0)
FN:9,(anonymous_1)
FN:10,(anonymous_2)
FN:16,(anonymous_3)
FN:17,(anonymous_4)
FNF:5
FNH:3
FNDA:2,(anonymous_0)
FNDA:1,(anonymous_1)
FNDA:1,(anonymous_2)
FNDA:0,(anonymous_3)
FNDA:0,(anonymous_4)
DA:1,1
DA:5,1
DA:6,2
DA:9,2
DA:10,1
DA:11,1
DA:12,1
DA:16,2
DA:17,0
DA:18,0
DA:19,0
DA:20,0
DA:23,2
DA:26,1
LF:14
LH:10
BRDA:6,0,0,0
BRDA:6,0,1,2
BRDA:6,1,0,2
BRDA:6,1,1,2
BRDA:9,2,0,1
BRDA:16,3,0,0
BRDA:19,4,0,0
BRDA:19,4,1,0
BRF:8
BRH:4
end_of_record
TN:
SF:src/styles/theme/default.ts
FNF:0
FNH:0
DA:3,2
DA:9,2
DA:38,2
LF:3
LH:3
BRF:0
BRH:0
end_of_record
